<?xml version="1.0" encoding="UTF-8"?>
<!-- Generated by org.testng.reporters.JUnitReportReporter -->
<testsuite hostname="PRAKASH-4948" failures="0" tests="191" name="Testng_UI" time="92.670" errors="5" timestamp="14 Mar 2024 14:10:49 GMT" skipped="184">
  <testcase classname="Testng_UI" name="maximizeWindow" time="0.284">
    <error message="unknown error: failed to change window state to &#039;normal&#039;, current state is &#039;maximized&#039;
  (Session info: chrome=115.0.5790.0)
Build info: version: &#039;3.141.59&#039;, revision: &#039;e82be7d358&#039;, time: &#039;2018-11-14T08:17:03&#039;
System info: host: &#039;PRAKASH-4948&#039;, ip: &#039;192.168.1.2&#039;, os.name: &#039;Windows 11&#039;, os.arch: &#039;amd64&#039;, os.version: &#039;10.0&#039;, java.version: &#039;18.0.2.1&#039;
Driver info: org.openqa.selenium.chrome.ChromeDriver
Capabilities {acceptInsecureCerts: false, browserName: chrome, browserVersion: 115.0.5790.0, chrome: {chromedriverVersion: 114.0.5735.90 (386bc09e8f4f..., userDataDir: C:\Users\praka\AppData\Loca...}, goog:chromeOptions: {debuggerAddress: localhost:57851}, javascriptEnabled: true, networkConnectionEnabled: false, pageLoadStrategy: normal, platform: WINDOWS, platformName: WINDOWS, proxy: Proxy(), setWindowRect: true, strictFileInteractability: false, timeouts: {implicit: 0, pageLoad: 300000, script: 30000}, unhandledPromptBehavior: dismiss and notify, webauthn:extension:credBlob: true, webauthn:extension:largeBlob: true, webauthn:extension:minPinLength: true, webauthn:extension:prf: true, webauthn:virtualAuthenticators: true}
Session ID: 542f6631600c88d96f185a584f416bb6" type="org.openqa.selenium.WebDriverException">
      <![CDATA[org.openqa.selenium.WebDriverException: unknown error: failed to change window state to 'normal', current state is 'maximized'
  (Session info: chrome=115.0.5790.0)
Build info: version: '3.141.59', revision: 'e82be7d358', time: '2018-11-14T08:17:03'
System info: host: 'PRAKASH-4948', ip: '192.168.1.2', os.name: 'Windows 11', os.arch: 'amd64', os.version: '10.0', java.version: '18.0.2.1'
Driver info: org.openqa.selenium.chrome.ChromeDriver
Capabilities {acceptInsecureCerts: false, browserName: chrome, browserVersion: 115.0.5790.0, chrome: {chromedriverVersion: 114.0.5735.90 (386bc09e8f4f..., userDataDir: C:\Users\praka\AppData\Loca...}, goog:chromeOptions: {debuggerAddress: localhost:57851}, javascriptEnabled: true, networkConnectionEnabled: false, pageLoadStrategy: normal, platform: WINDOWS, platformName: WINDOWS, proxy: Proxy(), setWindowRect: true, strictFileInteractability: false, timeouts: {implicit: 0, pageLoad: 300000, script: 30000}, unhandledPromptBehavior: dismiss and notify, webauthn:extension:credBlob: true, webauthn:extension:largeBlob: true, webauthn:extension:minPinLength: true, webauthn:extension:prf: true, webauthn:virtualAuthenticators: true}
Session ID: 542f6631600c88d96f185a584f416bb6
at java.base/jdk.internal.reflect.DirectConstructorHandleAccessor.newInstance(DirectConstructorHandleAccessor.java:67)
at java.base/java.lang.reflect.Constructor.newInstanceWithCaller(Constructor.java:499)
at java.base/java.lang.reflect.Constructor.newInstance(Constructor.java:483)
at org.openqa.selenium.remote.http.W3CHttpResponseCodec.createException(W3CHttpResponseCodec.java:187)
at org.openqa.selenium.remote.http.W3CHttpResponseCodec.decode(W3CHttpResponseCodec.java:122)
at org.openqa.selenium.remote.http.W3CHttpResponseCodec.decode(W3CHttpResponseCodec.java:49)
at org.openqa.selenium.remote.HttpCommandExecutor.execute(HttpCommandExecutor.java:158)
at org.openqa.selenium.remote.service.DriverCommandExecutor.execute(DriverCommandExecutor.java:83)
at org.openqa.selenium.remote.RemoteWebDriver.execute(RemoteWebDriver.java:552)
at org.openqa.selenium.remote.RemoteWebDriver.execute(RemoteWebDriver.java:609)
at org.openqa.selenium.remote.RemoteWebDriver$RemoteWebDriverOptions$RemoteWindow.maximize(RemoteWebDriver.java:837)
at Testng_UI.maximizeWindow(Testng_UI.java:63)
at java.base/jdk.internal.reflect.DirectMethodHandleAccessor.invoke(DirectMethodHandleAccessor.java:104)
at java.base/java.lang.reflect.Method.invoke(Method.java:577)
at org.testng.internal.MethodInvocationHelper.invokeMethod(MethodInvocationHelper.java:124)
at org.testng.internal.MethodInvocationHelper.invokeMethodConsideringTimeout(MethodInvocationHelper.java:59)
at org.testng.internal.Invoker.invokeConfigurationMethod(Invoker.java:458)
at org.testng.internal.Invoker.invokeConfigurations(Invoker.java:222)
at org.testng.internal.Invoker.invokeMethod(Invoker.java:523)
at org.testng.internal.Invoker.invokeTestMethod(Invoker.java:719)
at org.testng.internal.Invoker.invokeTestMethods(Invoker.java:989)
at org.testng.internal.TestMethodWorker.invokeTestMethods(TestMethodWorker.java:125)
at org.testng.internal.TestMethodWorker.run(TestMethodWorker.java:109)
at org.testng.TestRunner.privateRun(TestRunner.java:648)
at org.testng.TestRunner.run(TestRunner.java:505)
at org.testng.SuiteRunner.runTest(SuiteRunner.java:455)
at org.testng.SuiteRunner.runSequentially(SuiteRunner.java:450)
at org.testng.SuiteRunner.privateRun(SuiteRunner.java:415)
at org.testng.SuiteRunner.run(SuiteRunner.java:364)
at org.testng.SuiteRunnerWorker.runSuite(SuiteRunnerWorker.java:52)
at org.testng.SuiteRunnerWorker.run(SuiteRunnerWorker.java:84)
at org.testng.TestNG.runSuitesSequentially(TestNG.java:1208)
at org.testng.TestNG.runSuitesLocally(TestNG.java:1137)
at org.testng.TestNG.runSuites(TestNG.java:1049)
at org.testng.TestNG.run(TestNG.java:1017)
at org.testng.remote.AbstractRemoteTestNG.run(AbstractRemoteTestNG.java:115)
at org.testng.remote.RemoteTestNG.initAndRun(RemoteTestNG.java:251)
at org.testng.remote.RemoteTestNG.main(RemoteTestNG.java:77)
]]>
    </error>
  </testcase> <!-- maximizeWindow -->
  <testcase classname="Testng_UI" name="TheEconomist0001" time="18.696">
    <error message="no such element: Unable to locate element: {&quot;method&quot;:&quot;xpath&quot;,&quot;selector&quot;:&quot;//div//img[@alt=&#039;TrustApp mark&#039;]&quot;}
  (Session info: chrome=115.0.5790.0)
For documentation on this error, please visit: https://www.seleniumhq.org/exceptions/no_such_element.html
Build info: version: &#039;3.141.59&#039;, revision: &#039;e82be7d358&#039;, time: &#039;2018-11-14T08:17:03&#039;
System info: host: &#039;PRAKASH-4948&#039;, ip: &#039;192.168.1.2&#039;, os.name: &#039;Windows 11&#039;, os.arch: &#039;amd64&#039;, os.version: &#039;10.0&#039;, java.version: &#039;18.0.2.1&#039;
Driver info: org.openqa.selenium.chrome.ChromeDriver
Capabilities {acceptInsecureCerts: false, browserName: chrome, browserVersion: 115.0.5790.0, chrome: {chromedriverVersion: 114.0.5735.90 (386bc09e8f4f..., userDataDir: C:\Users\praka\AppData\Loca...}, goog:chromeOptions: {debuggerAddress: localhost:57851}, javascriptEnabled: true, networkConnectionEnabled: false, pageLoadStrategy: normal, platform: WINDOWS, platformName: WINDOWS, proxy: Proxy(), setWindowRect: true, strictFileInteractability: false, timeouts: {implicit: 0, pageLoad: 300000, script: 30000}, unhandledPromptBehavior: dismiss and notify, webauthn:extension:credBlob: true, webauthn:extension:largeBlob: true, webauthn:extension:minPinLength: true, webauthn:extension:prf: true, webauthn:virtualAuthenticators: true}
Session ID: 542f6631600c88d96f185a584f416bb6
*** Element info: {Using=xpath, value=//div//img[@alt=&#039;TrustApp mark&#039;]}" type="org.openqa.selenium.NoSuchElementException">
      <![CDATA[org.openqa.selenium.NoSuchElementException: no such element: Unable to locate element: {"method":"xpath","selector":"//div//img[@alt='TrustApp mark']"}
  (Session info: chrome=115.0.5790.0)
For documentation on this error, please visit: https://www.seleniumhq.org/exceptions/no_such_element.html
Build info: version: '3.141.59', revision: 'e82be7d358', time: '2018-11-14T08:17:03'
System info: host: 'PRAKASH-4948', ip: '192.168.1.2', os.name: 'Windows 11', os.arch: 'amd64', os.version: '10.0', java.version: '18.0.2.1'
Driver info: org.openqa.selenium.chrome.ChromeDriver
Capabilities {acceptInsecureCerts: false, browserName: chrome, browserVersion: 115.0.5790.0, chrome: {chromedriverVersion: 114.0.5735.90 (386bc09e8f4f..., userDataDir: C:\Users\praka\AppData\Loca...}, goog:chromeOptions: {debuggerAddress: localhost:57851}, javascriptEnabled: true, networkConnectionEnabled: false, pageLoadStrategy: normal, platform: WINDOWS, platformName: WINDOWS, proxy: Proxy(), setWindowRect: true, strictFileInteractability: false, timeouts: {implicit: 0, pageLoad: 300000, script: 30000}, unhandledPromptBehavior: dismiss and notify, webauthn:extension:credBlob: true, webauthn:extension:largeBlob: true, webauthn:extension:minPinLength: true, webauthn:extension:prf: true, webauthn:virtualAuthenticators: true}
Session ID: 542f6631600c88d96f185a584f416bb6
*** Element info: {Using=xpath, value=//div//img[@alt='TrustApp mark']}
at java.base/jdk.internal.reflect.DirectConstructorHandleAccessor.newInstance(DirectConstructorHandleAccessor.java:67)
at java.base/java.lang.reflect.Constructor.newInstanceWithCaller(Constructor.java:499)
at java.base/java.lang.reflect.Constructor.newInstance(Constructor.java:483)
at org.openqa.selenium.remote.http.W3CHttpResponseCodec.createException(W3CHttpResponseCodec.java:187)
at org.openqa.selenium.remote.http.W3CHttpResponseCodec.decode(W3CHttpResponseCodec.java:122)
at org.openqa.selenium.remote.http.W3CHttpResponseCodec.decode(W3CHttpResponseCodec.java:49)
at org.openqa.selenium.remote.HttpCommandExecutor.execute(HttpCommandExecutor.java:158)
at org.openqa.selenium.remote.service.DriverCommandExecutor.execute(DriverCommandExecutor.java:83)
at org.openqa.selenium.remote.RemoteWebDriver.execute(RemoteWebDriver.java:552)
at org.openqa.selenium.remote.RemoteWebDriver.findElement(RemoteWebDriver.java:323)
at org.openqa.selenium.remote.RemoteWebDriver.findElementByXPath(RemoteWebDriver.java:428)
at org.openqa.selenium.By$ByXPath.findElement(By.java:353)
at org.openqa.selenium.remote.RemoteWebDriver.findElement(RemoteWebDriver.java:315)
at Testng_UI.TheEconomist0001(Testng_UI.java:98)
at java.base/jdk.internal.reflect.DirectMethodHandleAccessor.invoke(DirectMethodHandleAccessor.java:104)
at java.base/java.lang.reflect.Method.invoke(Method.java:577)
at org.testng.internal.MethodInvocationHelper.invokeMethod(MethodInvocationHelper.java:124)
at org.testng.internal.Invoker.invokeMethod(Invoker.java:583)
at org.testng.internal.Invoker.invokeTestMethod(Invoker.java:719)
at org.testng.internal.Invoker.invokeTestMethods(Invoker.java:989)
at org.testng.internal.TestMethodWorker.invokeTestMethods(TestMethodWorker.java:125)
at org.testng.internal.TestMethodWorker.run(TestMethodWorker.java:109)
at org.testng.TestRunner.privateRun(TestRunner.java:648)
at org.testng.TestRunner.run(TestRunner.java:505)
at org.testng.SuiteRunner.runTest(SuiteRunner.java:455)
at org.testng.SuiteRunner.runSequentially(SuiteRunner.java:450)
at org.testng.SuiteRunner.privateRun(SuiteRunner.java:415)
at org.testng.SuiteRunner.run(SuiteRunner.java:364)
at org.testng.SuiteRunnerWorker.runSuite(SuiteRunnerWorker.java:52)
at org.testng.SuiteRunnerWorker.run(SuiteRunnerWorker.java:84)
at org.testng.TestNG.runSuitesSequentially(TestNG.java:1208)
at org.testng.TestNG.runSuitesLocally(TestNG.java:1137)
at org.testng.TestNG.runSuites(TestNG.java:1049)
at org.testng.TestNG.run(TestNG.java:1017)
at org.testng.remote.AbstractRemoteTestNG.run(AbstractRemoteTestNG.java:115)
at org.testng.remote.RemoteTestNG.initAndRun(RemoteTestNG.java:251)
at org.testng.remote.RemoteTestNG.main(RemoteTestNG.java:77)
]]>
    </error>
  </testcase> <!-- TheEconomist0001 -->
  <testcase classname="Testng_UI" name="CNN0002" time="28.320"/>
  <testcase classname="Testng_UI" name="NO_URL_TO_VERIFY30001" time="20.607"/>
  <testcase classname="Testng_UI" name="NO_URL_TO_VERIFY30002" time="8.370">
    <error message="no such element: Unable to locate element: {&quot;method&quot;:&quot;xpath&quot;,&quot;selector&quot;:&quot;//img[@alt=&#039;TrustApp mark&#039;]&quot;}
  (Session info: chrome=115.0.5790.0)
For documentation on this error, please visit: https://www.seleniumhq.org/exceptions/no_such_element.html
Build info: version: &#039;3.141.59&#039;, revision: &#039;e82be7d358&#039;, time: &#039;2018-11-14T08:17:03&#039;
System info: host: &#039;PRAKASH-4948&#039;, ip: &#039;192.168.1.2&#039;, os.name: &#039;Windows 11&#039;, os.arch: &#039;amd64&#039;, os.version: &#039;10.0&#039;, java.version: &#039;18.0.2.1&#039;
Driver info: org.openqa.selenium.chrome.ChromeDriver
Capabilities {acceptInsecureCerts: false, browserName: chrome, browserVersion: 115.0.5790.0, chrome: {chromedriverVersion: 114.0.5735.90 (386bc09e8f4f..., userDataDir: C:\Users\praka\AppData\Loca...}, goog:chromeOptions: {debuggerAddress: localhost:57851}, javascriptEnabled: true, networkConnectionEnabled: false, pageLoadStrategy: normal, platform: WINDOWS, platformName: WINDOWS, proxy: Proxy(), setWindowRect: true, strictFileInteractability: false, timeouts: {implicit: 0, pageLoad: 300000, script: 30000}, unhandledPromptBehavior: dismiss and notify, webauthn:extension:credBlob: true, webauthn:extension:largeBlob: true, webauthn:extension:minPinLength: true, webauthn:extension:prf: true, webauthn:virtualAuthenticators: true}
Session ID: 542f6631600c88d96f185a584f416bb6
*** Element info: {Using=xpath, value=//img[@alt=&#039;TrustApp mark&#039;]}" type="org.openqa.selenium.NoSuchElementException">
      <![CDATA[org.openqa.selenium.NoSuchElementException: no such element: Unable to locate element: {"method":"xpath","selector":"//img[@alt='TrustApp mark']"}
  (Session info: chrome=115.0.5790.0)
For documentation on this error, please visit: https://www.seleniumhq.org/exceptions/no_such_element.html
Build info: version: '3.141.59', revision: 'e82be7d358', time: '2018-11-14T08:17:03'
System info: host: 'PRAKASH-4948', ip: '192.168.1.2', os.name: 'Windows 11', os.arch: 'amd64', os.version: '10.0', java.version: '18.0.2.1'
Driver info: org.openqa.selenium.chrome.ChromeDriver
Capabilities {acceptInsecureCerts: false, browserName: chrome, browserVersion: 115.0.5790.0, chrome: {chromedriverVersion: 114.0.5735.90 (386bc09e8f4f..., userDataDir: C:\Users\praka\AppData\Loca...}, goog:chromeOptions: {debuggerAddress: localhost:57851}, javascriptEnabled: true, networkConnectionEnabled: false, pageLoadStrategy: normal, platform: WINDOWS, platformName: WINDOWS, proxy: Proxy(), setWindowRect: true, strictFileInteractability: false, timeouts: {implicit: 0, pageLoad: 300000, script: 30000}, unhandledPromptBehavior: dismiss and notify, webauthn:extension:credBlob: true, webauthn:extension:largeBlob: true, webauthn:extension:minPinLength: true, webauthn:extension:prf: true, webauthn:virtualAuthenticators: true}
Session ID: 542f6631600c88d96f185a584f416bb6
*** Element info: {Using=xpath, value=//img[@alt='TrustApp mark']}
at java.base/jdk.internal.reflect.DirectConstructorHandleAccessor.newInstance(DirectConstructorHandleAccessor.java:67)
at java.base/java.lang.reflect.Constructor.newInstanceWithCaller(Constructor.java:499)
at java.base/java.lang.reflect.Constructor.newInstance(Constructor.java:483)
at org.openqa.selenium.remote.http.W3CHttpResponseCodec.createException(W3CHttpResponseCodec.java:187)
at org.openqa.selenium.remote.http.W3CHttpResponseCodec.decode(W3CHttpResponseCodec.java:122)
at org.openqa.selenium.remote.http.W3CHttpResponseCodec.decode(W3CHttpResponseCodec.java:49)
at org.openqa.selenium.remote.HttpCommandExecutor.execute(HttpCommandExecutor.java:158)
at org.openqa.selenium.remote.service.DriverCommandExecutor.execute(DriverCommandExecutor.java:83)
at org.openqa.selenium.remote.RemoteWebDriver.execute(RemoteWebDriver.java:552)
at org.openqa.selenium.remote.RemoteWebDriver.findElement(RemoteWebDriver.java:323)
at org.openqa.selenium.remote.RemoteWebDriver.findElementByXPath(RemoteWebDriver.java:428)
at org.openqa.selenium.By$ByXPath.findElement(By.java:353)
at org.openqa.selenium.remote.RemoteWebDriver.findElement(RemoteWebDriver.java:315)
at Testng_UI.NO_URL_TO_VERIFY30002(Testng_UI.java:391)
at java.base/jdk.internal.reflect.DirectMethodHandleAccessor.invoke(DirectMethodHandleAccessor.java:104)
at java.base/java.lang.reflect.Method.invoke(Method.java:577)
at org.testng.internal.MethodInvocationHelper.invokeMethod(MethodInvocationHelper.java:124)
at org.testng.internal.Invoker.invokeMethod(Invoker.java:583)
at org.testng.internal.Invoker.invokeTestMethod(Invoker.java:719)
at org.testng.internal.Invoker.invokeTestMethods(Invoker.java:989)
at org.testng.internal.TestMethodWorker.invokeTestMethods(TestMethodWorker.java:125)
at org.testng.internal.TestMethodWorker.run(TestMethodWorker.java:109)
at org.testng.TestRunner.privateRun(TestRunner.java:648)
at org.testng.TestRunner.run(TestRunner.java:505)
at org.testng.SuiteRunner.runTest(SuiteRunner.java:455)
at org.testng.SuiteRunner.runSequentially(SuiteRunner.java:450)
at org.testng.SuiteRunner.privateRun(SuiteRunner.java:415)
at org.testng.SuiteRunner.run(SuiteRunner.java:364)
at org.testng.SuiteRunnerWorker.runSuite(SuiteRunnerWorker.java:52)
at org.testng.SuiteRunnerWorker.run(SuiteRunnerWorker.java:84)
at org.testng.TestNG.runSuitesSequentially(TestNG.java:1208)
at org.testng.TestNG.runSuitesLocally(TestNG.java:1137)
at org.testng.TestNG.runSuites(TestNG.java:1049)
at org.testng.TestNG.run(TestNG.java:1017)
at org.testng.remote.AbstractRemoteTestNG.run(AbstractRemoteTestNG.java:115)
at org.testng.remote.RemoteTestNG.initAndRun(RemoteTestNG.java:251)
at org.testng.remote.RemoteTestNG.main(RemoteTestNG.java:77)
]]>
    </error>
  </testcase> <!-- NO_URL_TO_VERIFY30002 -->
  <testcase classname="Testng_UI" name="NO_URL_TO_VERIFY30004" time="8.009">
    <error message="no such element: Unable to locate element: {&quot;method&quot;:&quot;xpath&quot;,&quot;selector&quot;:&quot;//img[@alt=&#039;TrustApp mark&#039;]&quot;}
  (Session info: chrome=115.0.5790.0)
For documentation on this error, please visit: https://www.seleniumhq.org/exceptions/no_such_element.html
Build info: version: &#039;3.141.59&#039;, revision: &#039;e82be7d358&#039;, time: &#039;2018-11-14T08:17:03&#039;
System info: host: &#039;PRAKASH-4948&#039;, ip: &#039;192.168.1.2&#039;, os.name: &#039;Windows 11&#039;, os.arch: &#039;amd64&#039;, os.version: &#039;10.0&#039;, java.version: &#039;18.0.2.1&#039;
Driver info: org.openqa.selenium.chrome.ChromeDriver
Capabilities {acceptInsecureCerts: false, browserName: chrome, browserVersion: 115.0.5790.0, chrome: {chromedriverVersion: 114.0.5735.90 (386bc09e8f4f..., userDataDir: C:\Users\praka\AppData\Loca...}, goog:chromeOptions: {debuggerAddress: localhost:57851}, javascriptEnabled: true, networkConnectionEnabled: false, pageLoadStrategy: normal, platform: WINDOWS, platformName: WINDOWS, proxy: Proxy(), setWindowRect: true, strictFileInteractability: false, timeouts: {implicit: 0, pageLoad: 300000, script: 30000}, unhandledPromptBehavior: dismiss and notify, webauthn:extension:credBlob: true, webauthn:extension:largeBlob: true, webauthn:extension:minPinLength: true, webauthn:extension:prf: true, webauthn:virtualAuthenticators: true}
Session ID: 542f6631600c88d96f185a584f416bb6
*** Element info: {Using=xpath, value=//img[@alt=&#039;TrustApp mark&#039;]}" type="org.openqa.selenium.NoSuchElementException">
      <![CDATA[org.openqa.selenium.NoSuchElementException: no such element: Unable to locate element: {"method":"xpath","selector":"//img[@alt='TrustApp mark']"}
  (Session info: chrome=115.0.5790.0)
For documentation on this error, please visit: https://www.seleniumhq.org/exceptions/no_such_element.html
Build info: version: '3.141.59', revision: 'e82be7d358', time: '2018-11-14T08:17:03'
System info: host: 'PRAKASH-4948', ip: '192.168.1.2', os.name: 'Windows 11', os.arch: 'amd64', os.version: '10.0', java.version: '18.0.2.1'
Driver info: org.openqa.selenium.chrome.ChromeDriver
Capabilities {acceptInsecureCerts: false, browserName: chrome, browserVersion: 115.0.5790.0, chrome: {chromedriverVersion: 114.0.5735.90 (386bc09e8f4f..., userDataDir: C:\Users\praka\AppData\Loca...}, goog:chromeOptions: {debuggerAddress: localhost:57851}, javascriptEnabled: true, networkConnectionEnabled: false, pageLoadStrategy: normal, platform: WINDOWS, platformName: WINDOWS, proxy: Proxy(), setWindowRect: true, strictFileInteractability: false, timeouts: {implicit: 0, pageLoad: 300000, script: 30000}, unhandledPromptBehavior: dismiss and notify, webauthn:extension:credBlob: true, webauthn:extension:largeBlob: true, webauthn:extension:minPinLength: true, webauthn:extension:prf: true, webauthn:virtualAuthenticators: true}
Session ID: 542f6631600c88d96f185a584f416bb6
*** Element info: {Using=xpath, value=//img[@alt='TrustApp mark']}
at java.base/jdk.internal.reflect.DirectConstructorHandleAccessor.newInstance(DirectConstructorHandleAccessor.java:67)
at java.base/java.lang.reflect.Constructor.newInstanceWithCaller(Constructor.java:499)
at java.base/java.lang.reflect.Constructor.newInstance(Constructor.java:483)
at org.openqa.selenium.remote.http.W3CHttpResponseCodec.createException(W3CHttpResponseCodec.java:187)
at org.openqa.selenium.remote.http.W3CHttpResponseCodec.decode(W3CHttpResponseCodec.java:122)
at org.openqa.selenium.remote.http.W3CHttpResponseCodec.decode(W3CHttpResponseCodec.java:49)
at org.openqa.selenium.remote.HttpCommandExecutor.execute(HttpCommandExecutor.java:158)
at org.openqa.selenium.remote.service.DriverCommandExecutor.execute(DriverCommandExecutor.java:83)
at org.openqa.selenium.remote.RemoteWebDriver.execute(RemoteWebDriver.java:552)
at org.openqa.selenium.remote.RemoteWebDriver.findElement(RemoteWebDriver.java:323)
at org.openqa.selenium.remote.RemoteWebDriver.findElementByXPath(RemoteWebDriver.java:428)
at org.openqa.selenium.By$ByXPath.findElement(By.java:353)
at org.openqa.selenium.remote.RemoteWebDriver.findElement(RemoteWebDriver.java:315)
at Testng_UI.NO_URL_TO_VERIFY30004(Testng_UI.java:562)
at java.base/jdk.internal.reflect.DirectMethodHandleAccessor.invoke(DirectMethodHandleAccessor.java:104)
at java.base/java.lang.reflect.Method.invoke(Method.java:577)
at org.testng.internal.MethodInvocationHelper.invokeMethod(MethodInvocationHelper.java:124)
at org.testng.internal.Invoker.invokeMethod(Invoker.java:583)
at org.testng.internal.Invoker.invokeTestMethod(Invoker.java:719)
at org.testng.internal.Invoker.invokeTestMethods(Invoker.java:989)
at org.testng.internal.TestMethodWorker.invokeTestMethods(TestMethodWorker.java:125)
at org.testng.internal.TestMethodWorker.run(TestMethodWorker.java:109)
at org.testng.TestRunner.privateRun(TestRunner.java:648)
at org.testng.TestRunner.run(TestRunner.java:505)
at org.testng.SuiteRunner.runTest(SuiteRunner.java:455)
at org.testng.SuiteRunner.runSequentially(SuiteRunner.java:450)
at org.testng.SuiteRunner.privateRun(SuiteRunner.java:415)
at org.testng.SuiteRunner.run(SuiteRunner.java:364)
at org.testng.SuiteRunnerWorker.runSuite(SuiteRunnerWorker.java:52)
at org.testng.SuiteRunnerWorker.run(SuiteRunnerWorker.java:84)
at org.testng.TestNG.runSuitesSequentially(TestNG.java:1208)
at org.testng.TestNG.runSuitesLocally(TestNG.java:1137)
at org.testng.TestNG.runSuites(TestNG.java:1049)
at org.testng.TestNG.run(TestNG.java:1017)
at org.testng.remote.AbstractRemoteTestNG.run(AbstractRemoteTestNG.java:115)
at org.testng.remote.RemoteTestNG.initAndRun(RemoteTestNG.java:251)
at org.testng.remote.RemoteTestNG.main(RemoteTestNG.java:77)
]]>
    </error>
  </testcase> <!-- NO_URL_TO_VERIFY30004 -->
  <testcase classname="Testng_UI" name="NO_URL_TO_VERIFY30003" time="8.384">
    <error message="no such element: Unable to locate element: {&quot;method&quot;:&quot;xpath&quot;,&quot;selector&quot;:&quot;//img[@alt=&#039;TrustApp mark&#039;]&quot;}
  (Session info: chrome=115.0.5790.0)
For documentation on this error, please visit: https://www.seleniumhq.org/exceptions/no_such_element.html
Build info: version: &#039;3.141.59&#039;, revision: &#039;e82be7d358&#039;, time: &#039;2018-11-14T08:17:03&#039;
System info: host: &#039;PRAKASH-4948&#039;, ip: &#039;192.168.1.2&#039;, os.name: &#039;Windows 11&#039;, os.arch: &#039;amd64&#039;, os.version: &#039;10.0&#039;, java.version: &#039;18.0.2.1&#039;
Driver info: org.openqa.selenium.chrome.ChromeDriver
Capabilities {acceptInsecureCerts: false, browserName: chrome, browserVersion: 115.0.5790.0, chrome: {chromedriverVersion: 114.0.5735.90 (386bc09e8f4f..., userDataDir: C:\Users\praka\AppData\Loca...}, goog:chromeOptions: {debuggerAddress: localhost:57851}, javascriptEnabled: true, networkConnectionEnabled: false, pageLoadStrategy: normal, platform: WINDOWS, platformName: WINDOWS, proxy: Proxy(), setWindowRect: true, strictFileInteractability: false, timeouts: {implicit: 0, pageLoad: 300000, script: 30000}, unhandledPromptBehavior: dismiss and notify, webauthn:extension:credBlob: true, webauthn:extension:largeBlob: true, webauthn:extension:minPinLength: true, webauthn:extension:prf: true, webauthn:virtualAuthenticators: true}
Session ID: 542f6631600c88d96f185a584f416bb6
*** Element info: {Using=xpath, value=//img[@alt=&#039;TrustApp mark&#039;]}" type="org.openqa.selenium.NoSuchElementException">
      <![CDATA[org.openqa.selenium.NoSuchElementException: no such element: Unable to locate element: {"method":"xpath","selector":"//img[@alt='TrustApp mark']"}
  (Session info: chrome=115.0.5790.0)
For documentation on this error, please visit: https://www.seleniumhq.org/exceptions/no_such_element.html
Build info: version: '3.141.59', revision: 'e82be7d358', time: '2018-11-14T08:17:03'
System info: host: 'PRAKASH-4948', ip: '192.168.1.2', os.name: 'Windows 11', os.arch: 'amd64', os.version: '10.0', java.version: '18.0.2.1'
Driver info: org.openqa.selenium.chrome.ChromeDriver
Capabilities {acceptInsecureCerts: false, browserName: chrome, browserVersion: 115.0.5790.0, chrome: {chromedriverVersion: 114.0.5735.90 (386bc09e8f4f..., userDataDir: C:\Users\praka\AppData\Loca...}, goog:chromeOptions: {debuggerAddress: localhost:57851}, javascriptEnabled: true, networkConnectionEnabled: false, pageLoadStrategy: normal, platform: WINDOWS, platformName: WINDOWS, proxy: Proxy(), setWindowRect: true, strictFileInteractability: false, timeouts: {implicit: 0, pageLoad: 300000, script: 30000}, unhandledPromptBehavior: dismiss and notify, webauthn:extension:credBlob: true, webauthn:extension:largeBlob: true, webauthn:extension:minPinLength: true, webauthn:extension:prf: true, webauthn:virtualAuthenticators: true}
Session ID: 542f6631600c88d96f185a584f416bb6
*** Element info: {Using=xpath, value=//img[@alt='TrustApp mark']}
at java.base/jdk.internal.reflect.DirectConstructorHandleAccessor.newInstance(DirectConstructorHandleAccessor.java:67)
at java.base/java.lang.reflect.Constructor.newInstanceWithCaller(Constructor.java:499)
at java.base/java.lang.reflect.Constructor.newInstance(Constructor.java:483)
at org.openqa.selenium.remote.http.W3CHttpResponseCodec.createException(W3CHttpResponseCodec.java:187)
at org.openqa.selenium.remote.http.W3CHttpResponseCodec.decode(W3CHttpResponseCodec.java:122)
at org.openqa.selenium.remote.http.W3CHttpResponseCodec.decode(W3CHttpResponseCodec.java:49)
at org.openqa.selenium.remote.HttpCommandExecutor.execute(HttpCommandExecutor.java:158)
at org.openqa.selenium.remote.service.DriverCommandExecutor.execute(DriverCommandExecutor.java:83)
at org.openqa.selenium.remote.RemoteWebDriver.execute(RemoteWebDriver.java:552)
at org.openqa.selenium.remote.RemoteWebDriver.findElement(RemoteWebDriver.java:323)
at org.openqa.selenium.remote.RemoteWebDriver.findElementByXPath(RemoteWebDriver.java:428)
at org.openqa.selenium.By$ByXPath.findElement(By.java:353)
at org.openqa.selenium.remote.RemoteWebDriver.findElement(RemoteWebDriver.java:315)
at Testng_UI.NO_URL_TO_VERIFY30003(Testng_UI.java:468)
at java.base/jdk.internal.reflect.DirectMethodHandleAccessor.invoke(DirectMethodHandleAccessor.java:104)
at java.base/java.lang.reflect.Method.invoke(Method.java:577)
at org.testng.internal.MethodInvocationHelper.invokeMethod(MethodInvocationHelper.java:124)
at org.testng.internal.Invoker.invokeMethod(Invoker.java:583)
at org.testng.internal.Invoker.invokeTestMethod(Invoker.java:719)
at org.testng.internal.Invoker.invokeTestMethods(Invoker.java:989)
at org.testng.internal.TestMethodWorker.invokeTestMethods(TestMethodWorker.java:125)
at org.testng.internal.TestMethodWorker.run(TestMethodWorker.java:109)
at org.testng.TestRunner.privateRun(TestRunner.java:648)
at org.testng.TestRunner.run(TestRunner.java:505)
at org.testng.SuiteRunner.runTest(SuiteRunner.java:455)
at org.testng.SuiteRunner.runSequentially(SuiteRunner.java:450)
at org.testng.SuiteRunner.privateRun(SuiteRunner.java:415)
at org.testng.SuiteRunner.run(SuiteRunner.java:364)
at org.testng.SuiteRunnerWorker.runSuite(SuiteRunnerWorker.java:52)
at org.testng.SuiteRunnerWorker.run(SuiteRunnerWorker.java:84)
at org.testng.TestNG.runSuitesSequentially(TestNG.java:1208)
at org.testng.TestNG.runSuitesLocally(TestNG.java:1137)
at org.testng.TestNG.runSuites(TestNG.java:1049)
at org.testng.TestNG.run(TestNG.java:1017)
at org.testng.remote.AbstractRemoteTestNG.run(AbstractRemoteTestNG.java:115)
at org.testng.remote.RemoteTestNG.initAndRun(RemoteTestNG.java:251)
at org.testng.remote.RemoteTestNG.main(RemoteTestNG.java:77)
]]>
    </error>
  </testcase> <!-- NO_URL_TO_VERIFY30003 -->
  <testcase classname="Testng_UI" name="NO_URL_TO_VERIFY30005" time="0.000">
    <skipped/>
  </testcase> <!-- NO_URL_TO_VERIFY30005 -->
  <testcase classname="Testng_UI" name="NO_URL_TO_VERIFY_Negative30006" time="0.000">
    <skipped/>
  </testcase> <!-- NO_URL_TO_VERIFY_Negative30006 -->
  <testcase classname="Testng_UI" name="NO_URL_TO_VERIFY_Negative30007" time="0.000">
    <skipped/>
  </testcase> <!-- NO_URL_TO_VERIFY_Negative30007 -->
  <testcase classname="Testng_UI" name="NO_URL_TO_VERIFY_Negative30008" time="0.000">
    <skipped/>
  </testcase> <!-- NO_URL_TO_VERIFY_Negative30008 -->
  <testcase classname="Testng_UI" name="NO_URL_TO_VERIFY_Negative30009" time="0.000">
    <skipped/>
  </testcase> <!-- NO_URL_TO_VERIFY_Negative30009 -->
  <testcase classname="Testng_UI" name="NO_URL_TO_VERIFY30010_Negative30010" time="0.000">
    <skipped/>
  </testcase> <!-- NO_URL_TO_VERIFY30010_Negative30010 -->
  <testcase classname="Testng_UI" name="NO_URL_TO_VERIFY_Negative30011" time="0.000">
    <skipped/>
  </testcase> <!-- NO_URL_TO_VERIFY_Negative30011 -->
  <testcase classname="Testng_UI" name="CANNOT_VERIFY_IMAGE_ATTACHMENT40001" time="0.000">
    <skipped/>
  </testcase> <!-- CANNOT_VERIFY_IMAGE_ATTACHMENT40001 -->
  <testcase classname="Testng_UI" name="CANNOT_VERIFY_IMAGE_ATTACHMENT40002" time="0.000">
    <skipped/>
  </testcase> <!-- CANNOT_VERIFY_IMAGE_ATTACHMENT40002 -->
  <testcase classname="Testng_UI" name="CANNOT_VERIFY_IMAGE_ATTACHMENT40003" time="0.000">
    <skipped/>
  </testcase> <!-- CANNOT_VERIFY_IMAGE_ATTACHMENT40003 -->
  <testcase classname="Testng_UI" name="CANNOT_VERIFY_IMAGE_ATTACHMENT40004" time="0.000">
    <skipped/>
  </testcase> <!-- CANNOT_VERIFY_IMAGE_ATTACHMENT40004 -->
  <testcase classname="Testng_UI" name="CANNOT_VERIFY_IMAGE_ATTACHMENT40005" time="0.000">
    <skipped/>
  </testcase> <!-- CANNOT_VERIFY_IMAGE_ATTACHMENT40005 -->
  <testcase classname="Testng_UI" name="CANNOT_VERIFY_IMAGE_ATTACHMENT_Negative40006" time="0.000">
    <skipped/>
  </testcase> <!-- CANNOT_VERIFY_IMAGE_ATTACHMENT_Negative40006 -->
  <testcase classname="Testng_UI" name="CANNOT_VERIFY_IMAGE_ATTACHMENT_Negative40007" time="0.000">
    <skipped/>
  </testcase> <!-- CANNOT_VERIFY_IMAGE_ATTACHMENT_Negative40007 -->
  <testcase classname="Testng_UI" name="CANNOT_VERIFY_IMAGE_ATTACHMENT_Negative40008" time="0.000">
    <skipped/>
  </testcase> <!-- CANNOT_VERIFY_IMAGE_ATTACHMENT_Negative40008 -->
  <testcase classname="Testng_UI" name="CANNOT_VERIFY_IMAGE_ATTACHMENT_Negative40009" time="0.000">
    <skipped/>
  </testcase> <!-- CANNOT_VERIFY_IMAGE_ATTACHMENT_Negative40009 -->
  <testcase classname="Testng_UI" name="CANNOT_VERIFY_IMAGE_ATTACHMENT_Negative40010" time="0.000">
    <skipped/>
  </testcase> <!-- CANNOT_VERIFY_IMAGE_ATTACHMENT_Negative40010 -->
  <testcase classname="Testng_UI" name="CANNOT_VERIFY_IMAGE_ATTACHMENT_Negative40011" time="0.000">
    <skipped/>
  </testcase> <!-- CANNOT_VERIFY_IMAGE_ATTACHMENT_Negative40011 -->
  <testcase classname="Testng_UI" name="CANNOT_VERIFY_VIDEO_ATTACHMENT5001" time="0.000">
    <skipped/>
  </testcase> <!-- CANNOT_VERIFY_VIDEO_ATTACHMENT5001 -->
  <testcase classname="Testng_UI" name="CANNOT_VERIFY_VIDEO_ATTACHMENT5002" time="0.000">
    <skipped/>
  </testcase> <!-- CANNOT_VERIFY_VIDEO_ATTACHMENT5002 -->
  <testcase classname="Testng_UI" name="CANNOT_VERIFY_VIDEO_ATTACHMENT5003" time="0.000">
    <skipped/>
  </testcase> <!-- CANNOT_VERIFY_VIDEO_ATTACHMENT5003 -->
  <testcase classname="Testng_UI" name="CANNOT_VERIFY_VIDEO_ATTACHMENT5004" time="0.000">
    <skipped/>
  </testcase> <!-- CANNOT_VERIFY_VIDEO_ATTACHMENT5004 -->
  <testcase classname="Testng_UI" name="CANNOT_VERIFY_VIDEO_ATTACHMENT5005" time="0.000">
    <skipped/>
  </testcase> <!-- CANNOT_VERIFY_VIDEO_ATTACHMENT5005 -->
  <testcase classname="Testng_UI" name="CANNOT_VERIFY_VIDEO_ATTACHMENT_Negative5006" time="0.000">
    <skipped/>
  </testcase> <!-- CANNOT_VERIFY_VIDEO_ATTACHMENT_Negative5006 -->
  <testcase classname="Testng_UI" name="CANNOT_VERIFY_VIDEO_ATTACHMENT_Negative5007" time="0.000">
    <skipped/>
  </testcase> <!-- CANNOT_VERIFY_VIDEO_ATTACHMENT_Negative5007 -->
  <testcase classname="Testng_UI" name="CANNOT_VERIFY_VIDEO_ATTACHMENT_Negative5008" time="0.000">
    <skipped/>
  </testcase> <!-- CANNOT_VERIFY_VIDEO_ATTACHMENT_Negative5008 -->
  <testcase classname="Testng_UI" name="CANNOT_VERIFY_VIDEO_ATTACHMENT_Negative5009" time="0.000">
    <skipped/>
  </testcase> <!-- CANNOT_VERIFY_VIDEO_ATTACHMENT_Negative5009 -->
  <testcase classname="Testng_UI" name="CANNOT_VERIFY_VIDEO_ATTACHMENT_Negative5010" time="0.000">
    <skipped/>
  </testcase> <!-- CANNOT_VERIFY_VIDEO_ATTACHMENT_Negative5010 -->
  <testcase classname="Testng_UI" name="CANNOT_VERIFY_VIDEO_ATTACHMENT_Negative5011" time="0.000">
    <skipped/>
  </testcase> <!-- CANNOT_VERIFY_VIDEO_ATTACHMENT_Negative5011 -->
  <testcase classname="Testng_UI" name="PUBLISHER_MATCH60001" time="0.000">
    <skipped/>
  </testcase> <!-- PUBLISHER_MATCH60001 -->
  <testcase classname="Testng_UI" name="PUBLISHER_MATCH60002" time="0.000">
    <skipped/>
  </testcase> <!-- PUBLISHER_MATCH60002 -->
  <testcase classname="Testng_UI" name="PUBLISHER_MATCH60003" time="0.000">
    <skipped/>
  </testcase> <!-- PUBLISHER_MATCH60003 -->
  <testcase classname="Testng_UI" name="PUBLISHER_MATCH60004" time="0.000">
    <skipped/>
  </testcase> <!-- PUBLISHER_MATCH60004 -->
  <testcase classname="Testng_UI" name="PUBLISHER_MATCH60005" time="0.000">
    <skipped/>
  </testcase> <!-- PUBLISHER_MATCH60005 -->
  <testcase classname="Testng_UI" name="PUBLISHER_MATCH_Negative60006" time="0.000">
    <skipped/>
  </testcase> <!-- PUBLISHER_MATCH_Negative60006 -->
  <testcase classname="Testng_UI" name="PUBLISHER_MATCH_Negative60007" time="0.000">
    <skipped/>
  </testcase> <!-- PUBLISHER_MATCH_Negative60007 -->
  <testcase classname="Testng_UI" name="PUBLISHER_MATCH_Negative60008" time="0.000">
    <skipped/>
  </testcase> <!-- PUBLISHER_MATCH_Negative60008 -->
  <testcase classname="Testng_UI" name="PUBLISHER_MATCH_Negative60009" time="0.000">
    <skipped/>
  </testcase> <!-- PUBLISHER_MATCH_Negative60009 -->
  <testcase classname="Testng_UI" name="PUBLISHER_MATCH_Negative60010" time="0.000">
    <skipped/>
  </testcase> <!-- PUBLISHER_MATCH_Negative60010 -->
  <testcase classname="Testng_UI" name="PUBLISHER_MATCH_Negative60011" time="0.000">
    <skipped/>
  </testcase> <!-- PUBLISHER_MATCH_Negative60011 -->
  <testcase classname="Testng_UI" name="EXACT_HEADLINE_MATCH70001" time="0.000">
    <skipped/>
  </testcase> <!-- EXACT_HEADLINE_MATCH70001 -->
  <testcase classname="Testng_UI" name="EXACT_HEADLINE_MATCH70002" time="0.000">
    <skipped/>
  </testcase> <!-- EXACT_HEADLINE_MATCH70002 -->
  <testcase classname="Testng_UI" name="EXACT_HEADLINE_MATCH70003" time="0.000">
    <skipped/>
  </testcase> <!-- EXACT_HEADLINE_MATCH70003 -->
  <testcase classname="Testng_UI" name="EXACT_HEADLINE_MATCH70004" time="0.000">
    <skipped/>
  </testcase> <!-- EXACT_HEADLINE_MATCH70004 -->
  <testcase classname="Testng_UI" name="EXACT_HEADLINE_MATCH70005" time="0.000">
    <skipped/>
  </testcase> <!-- EXACT_HEADLINE_MATCH70005 -->
  <testcase classname="Testng_UI" name="EXACT_HEADLINE_MATCH_Negative70006" time="0.000">
    <skipped/>
  </testcase> <!-- EXACT_HEADLINE_MATCH_Negative70006 -->
  <testcase classname="Testng_UI" name="EXACT_HEADLINE_MATCH_Negative70007" time="0.000">
    <skipped/>
  </testcase> <!-- EXACT_HEADLINE_MATCH_Negative70007 -->
  <testcase classname="Testng_UI" name="EXACT_HEADLINE_MATCH_Negative70009" time="0.000">
    <skipped/>
  </testcase> <!-- EXACT_HEADLINE_MATCH_Negative70009 -->
  <testcase classname="Testng_UI" name="EXACT_HEADLINE_MATCH_Negative70008" time="0.000">
    <skipped/>
  </testcase> <!-- EXACT_HEADLINE_MATCH_Negative70008 -->
  <testcase classname="Testng_UI" name="EXACT_HEADLINE_MATCH_Negative70010" time="0.000">
    <skipped/>
  </testcase> <!-- EXACT_HEADLINE_MATCH_Negative70010 -->
  <testcase classname="Testng_UI" name="EXACT_HEADLINE_MATCH_Negative70011" time="0.000">
    <skipped/>
  </testcase> <!-- EXACT_HEADLINE_MATCH_Negative70011 -->
  <testcase classname="Testng_UI" name="SEMANTIC_HEADLINE_MATCH80001" time="0.000">
    <skipped/>
  </testcase> <!-- SEMANTIC_HEADLINE_MATCH80001 -->
  <testcase classname="Testng_UI" name="SEMANTIC_HEADLINE_MATCH8002" time="0.000">
    <skipped/>
  </testcase> <!-- SEMANTIC_HEADLINE_MATCH8002 -->
  <testcase classname="Testng_UI" name="SEMANTIC_HEADLINE_MATCH8003" time="0.000">
    <skipped/>
  </testcase> <!-- SEMANTIC_HEADLINE_MATCH8003 -->
  <testcase classname="Testng_UI" name="SEMANTIC_HEADLINE_MATCH8004" time="0.000">
    <skipped/>
  </testcase> <!-- SEMANTIC_HEADLINE_MATCH8004 -->
  <testcase classname="Testng_UI" name="SEMANTIC_HEADLINE_MATCH8005" time="0.000">
    <skipped/>
  </testcase> <!-- SEMANTIC_HEADLINE_MATCH8005 -->
  <testcase classname="Testng_UI" name="SEMANTIC_HEADLINE_MATCH_Negative8006" time="0.000">
    <skipped/>
  </testcase> <!-- SEMANTIC_HEADLINE_MATCH_Negative8006 -->
  <testcase classname="Testng_UI" name="SEMANTIC_HEADLINE_MATCH_Negative80007" time="0.000">
    <skipped/>
  </testcase> <!-- SEMANTIC_HEADLINE_MATCH_Negative80007 -->
  <testcase classname="Testng_UI" name="SEMANTIC_HEADLINE_MATCH_Negative80008" time="0.000">
    <skipped/>
  </testcase> <!-- SEMANTIC_HEADLINE_MATCH_Negative80008 -->
  <testcase classname="Testng_UI" name="SEMANTIC_HEADLINE_MATCH_Negative80009" time="0.000">
    <skipped/>
  </testcase> <!-- SEMANTIC_HEADLINE_MATCH_Negative80009 -->
  <testcase classname="Testng_UI" name="SEMANTIC_HEADLINE_MATCH_Negative80010" time="0.000">
    <skipped/>
  </testcase> <!-- SEMANTIC_HEADLINE_MATCH_Negative80010 -->
  <testcase classname="Testng_UI" name="SEMANTIC_HEADLINE_MATCH_Negative8011" time="0.000">
    <skipped/>
  </testcase> <!-- SEMANTIC_HEADLINE_MATCH_Negative8011 -->
  <testcase classname="Testng_UI" name="SEMANTIC_HEADLINE_CONTRADICTION90001" time="0.000">
    <skipped/>
  </testcase> <!-- SEMANTIC_HEADLINE_CONTRADICTION90001 -->
  <testcase classname="Testng_UI" name="SEMANTIC_HEADLINE_CONTRADICTION90002" time="0.000">
    <skipped/>
  </testcase> <!-- SEMANTIC_HEADLINE_CONTRADICTION90002 -->
  <testcase classname="Testng_UI" name="SEMANTIC_HEADLINE_CONTRADICTION90003" time="0.000">
    <skipped/>
  </testcase> <!-- SEMANTIC_HEADLINE_CONTRADICTION90003 -->
  <testcase classname="Testng_UI" name="SEMANTIC_HEADLINE_CONTRADICTION90004" time="0.000">
    <skipped/>
  </testcase> <!-- SEMANTIC_HEADLINE_CONTRADICTION90004 -->
  <testcase classname="Testng_UI" name="SEMANTIC_HEADLINE_CONTRADICTION90005" time="0.000">
    <skipped/>
  </testcase> <!-- SEMANTIC_HEADLINE_CONTRADICTION90005 -->
  <testcase classname="Testng_UI" name="SEMANTIC_HEADLINE_CONTRADICTION_Negative90006" time="0.000">
    <skipped/>
  </testcase> <!-- SEMANTIC_HEADLINE_CONTRADICTION_Negative90006 -->
  <testcase classname="Testng_UI" name="SEMANTIC_HEADLINE_CONTRADICTION_Negative90007" time="0.000">
    <skipped/>
  </testcase> <!-- SEMANTIC_HEADLINE_CONTRADICTION_Negative90007 -->
  <testcase classname="Testng_UI" name="SEMANTIC_HEADLINE_CONTRADICTION_Negative90008" time="0.000">
    <skipped/>
  </testcase> <!-- SEMANTIC_HEADLINE_CONTRADICTION_Negative90008 -->
  <testcase classname="Testng_UI" name="SEMANTIC_HEADLINE_CONTRADICTION_Negative90009" time="0.000">
    <skipped/>
  </testcase> <!-- SEMANTIC_HEADLINE_CONTRADICTION_Negative90009 -->
  <testcase classname="Testng_UI" name="SEMANTIC_HEADLINE_CONTRADICTION_Negative90010" time="0.000">
    <skipped/>
  </testcase> <!-- SEMANTIC_HEADLINE_CONTRADICTION_Negative90010 -->
  <testcase classname="Testng_UI" name="SEMANTIC_HEADLINE_CONTRADICTION_Negative90011" time="0.000">
    <skipped/>
  </testcase> <!-- SEMANTIC_HEADLINE_CONTRADICTION_Negative90011 -->
  <testcase classname="Testng_UI" name="PUBLISHER_MATCH10001" time="0.000">
    <skipped/>
  </testcase> <!-- PUBLISHER_MATCH10001 -->
  <testcase classname="Testng_UI" name="PUBLISHER_MATCH10002" time="0.000">
    <skipped/>
  </testcase> <!-- PUBLISHER_MATCH10002 -->
  <testcase classname="Testng_UI" name="PUBLISHER_MATCH10003" time="0.000">
    <skipped/>
  </testcase> <!-- PUBLISHER_MATCH10003 -->
  <testcase classname="Testng_UI" name="PUBLISHER_MATCH10004" time="0.000">
    <skipped/>
  </testcase> <!-- PUBLISHER_MATCH10004 -->
  <testcase classname="Testng_UI" name="PUBLISHER_MATCH10005" time="0.000">
    <skipped/>
  </testcase> <!-- PUBLISHER_MATCH10005 -->
  <testcase classname="Testng_UI" name="PUBLISHER_MATCH_Negative10006" time="0.000">
    <skipped/>
  </testcase> <!-- PUBLISHER_MATCH_Negative10006 -->
  <testcase classname="Testng_UI" name="PUBLISHER_MATCH_Negative10007" time="0.000">
    <skipped/>
  </testcase> <!-- PUBLISHER_MATCH_Negative10007 -->
  <testcase classname="Testng_UI" name="PUBLISHER_MATCH_Negative10008" time="0.000">
    <skipped/>
  </testcase> <!-- PUBLISHER_MATCH_Negative10008 -->
  <testcase classname="Testng_UI" name="PUBLISHER_MATCH_Negative10009" time="0.000">
    <skipped/>
  </testcase> <!-- PUBLISHER_MATCH_Negative10009 -->
  <testcase classname="Testng_UI" name="PUBLISHER_MATCH_Negative10010" time="0.000">
    <skipped/>
  </testcase> <!-- PUBLISHER_MATCH_Negative10010 -->
  <testcase classname="Testng_UI" name="PUBLISHER_MATCH_Negative10011" time="0.000">
    <skipped/>
  </testcase> <!-- PUBLISHER_MATCH_Negative10011 -->
  <testcase classname="Testng_UI" name="KNOWN_NEWS_ITEM_WRONG_REFERENCED_PUBLISHER110001" time="0.000">
    <skipped/>
  </testcase> <!-- KNOWN_NEWS_ITEM_WRONG_REFERENCED_PUBLISHER110001 -->
  <testcase classname="Testng_UI" name="KNOWN_NEWS_ITEM_WRONG_REFERENCED_PUBLISHER110002" time="0.000">
    <skipped/>
  </testcase> <!-- KNOWN_NEWS_ITEM_WRONG_REFERENCED_PUBLISHER110002 -->
  <testcase classname="Testng_UI" name="KNOWN_NEWS_ITEM_WRONG_REFERENCED_PUBLISHER110003" time="0.000">
    <skipped/>
  </testcase> <!-- KNOWN_NEWS_ITEM_WRONG_REFERENCED_PUBLISHER110003 -->
  <testcase classname="Testng_UI" name="KNOWN_NEWS_ITEM_WRONG_REFERENCED_PUBLISHER110004" time="0.000">
    <skipped/>
  </testcase> <!-- KNOWN_NEWS_ITEM_WRONG_REFERENCED_PUBLISHER110004 -->
  <testcase classname="Testng_UI" name="KNOWN_NEWS_ITEM_WRONG_REFERENCED_PUBLISHER110005" time="0.000">
    <skipped/>
  </testcase> <!-- KNOWN_NEWS_ITEM_WRONG_REFERENCED_PUBLISHER110005 -->
  <testcase classname="Testng_UI" name="KNOWN_NEWS_ITEM_WRONG_REFERENCED_PUBLISHER_Negative110006" time="0.000">
    <skipped/>
  </testcase> <!-- KNOWN_NEWS_ITEM_WRONG_REFERENCED_PUBLISHER_Negative110006 -->
  <testcase classname="Testng_UI" name="KNOWN_NEWS_ITEM_WRONG_REFERENCED_PUBLISHER_Negative110007" time="0.000">
    <skipped/>
  </testcase> <!-- KNOWN_NEWS_ITEM_WRONG_REFERENCED_PUBLISHER_Negative110007 -->
  <testcase classname="Testng_UI" name="KNOWN_NEWS_ITEM_WRONG_REFERENCED_PUBLISHER_Negative110008" time="0.000">
    <skipped/>
  </testcase> <!-- KNOWN_NEWS_ITEM_WRONG_REFERENCED_PUBLISHER_Negative110008 -->
  <testcase classname="Testng_UI" name="KNOWN_NEWS_ITEM_WRONG_REFERENCED_PUBLISHER_Negative110009" time="0.000">
    <skipped/>
  </testcase> <!-- KNOWN_NEWS_ITEM_WRONG_REFERENCED_PUBLISHER_Negative110009 -->
  <testcase classname="Testng_UI" name="KNOWN_NEWS_ITEM_WRONG_REFERENCED_PUBLISHER_Negative110010" time="0.000">
    <skipped/>
  </testcase> <!-- KNOWN_NEWS_ITEM_WRONG_REFERENCED_PUBLISHER_Negative110010 -->
  <testcase classname="Testng_UI" name="KNOWN_NEWS_ITEM_WRONG_REFERENCED_PUBLISHER_Negative110011" time="0.000">
    <skipped/>
  </testcase> <!-- KNOWN_NEWS_ITEM_WRONG_REFERENCED_PUBLISHER_Negative110011 -->
  <testcase classname="Testng_UI" name="KNOWN_NEWS_ITEM_KNOWN_MENTIONED_PUBLISHER120001" time="0.000">
    <skipped/>
  </testcase> <!-- KNOWN_NEWS_ITEM_KNOWN_MENTIONED_PUBLISHER120001 -->
  <testcase classname="Testng_UI" name="KNOWN_NEWS_ITEM_KNOWN_MENTIONED_PUBLISHER120002" time="0.000">
    <skipped/>
  </testcase> <!-- KNOWN_NEWS_ITEM_KNOWN_MENTIONED_PUBLISHER120002 -->
  <testcase classname="Testng_UI" name="KNOWN_NEWS_ITEM_KNOWN_MENTIONED_PUBLISHER120003" time="0.000">
    <skipped/>
  </testcase> <!-- KNOWN_NEWS_ITEM_KNOWN_MENTIONED_PUBLISHER120003 -->
  <testcase classname="Testng_UI" name="KNOWN_NEWS_ITEM_KNOWN_MENTIONED_PUBLISHER120004" time="0.000">
    <skipped/>
  </testcase> <!-- KNOWN_NEWS_ITEM_KNOWN_MENTIONED_PUBLISHER120004 -->
  <testcase classname="Testng_UI" name="KNOWN_NEWS_ITEM_KNOWN_MENTIONED_PUBLISHER120005" time="0.000">
    <skipped/>
  </testcase> <!-- KNOWN_NEWS_ITEM_KNOWN_MENTIONED_PUBLISHER120005 -->
  <testcase classname="Testng_UI" name="KNOWN_NEWS_ITEM_KNOWN_MENTIONED_PUBLISHER_Negative120006" time="0.000">
    <skipped/>
  </testcase> <!-- KNOWN_NEWS_ITEM_KNOWN_MENTIONED_PUBLISHER_Negative120006 -->
  <testcase classname="Testng_UI" name="KNOWN_NEWS_ITEM_KNOWN_MENTIONED_PUBLISHER_Negative120007" time="0.000">
    <skipped/>
  </testcase> <!-- KNOWN_NEWS_ITEM_KNOWN_MENTIONED_PUBLISHER_Negative120007 -->
  <testcase classname="Testng_UI" name="KNOWN_NEWS_ITEM_KNOWN_MENTIONED_PUBLISHER_Negative120008" time="0.000">
    <skipped/>
  </testcase> <!-- KNOWN_NEWS_ITEM_KNOWN_MENTIONED_PUBLISHER_Negative120008 -->
  <testcase classname="Testng_UI" name="KNOWN_NEWS_ITEM_KNOWN_MENTIONED_PUBLISHER_Negative120009" time="0.000">
    <skipped/>
  </testcase> <!-- KNOWN_NEWS_ITEM_KNOWN_MENTIONED_PUBLISHER_Negative120009 -->
  <testcase classname="Testng_UI" name="KNOWN_NEWS_ITEM_KNOWN_MENTIONED_PUBLISHER_Negative120010" time="0.000">
    <skipped/>
  </testcase> <!-- KNOWN_NEWS_ITEM_KNOWN_MENTIONED_PUBLISHER_Negative120010 -->
  <testcase classname="Testng_UI" name="KNOWN_NEWS_ITEM_KNOWN_MENTIONED_PUBLISHER_Negative120011" time="0.000">
    <skipped/>
  </testcase> <!-- KNOWN_NEWS_ITEM_KNOWN_MENTIONED_PUBLISHER_Negative120011 -->
  <testcase classname="Testng_UI" name="KNOWN_NEWS_ITEM_NO_CONNECTION130001" time="0.000">
    <skipped/>
  </testcase> <!-- KNOWN_NEWS_ITEM_NO_CONNECTION130001 -->
  <testcase classname="Testng_UI" name="KNOWN_NEWS_ITEM_NO_CONNECTION130002" time="0.000">
    <skipped/>
  </testcase> <!-- KNOWN_NEWS_ITEM_NO_CONNECTION130002 -->
  <testcase classname="Testng_UI" name="KNOWN_NEWS_ITEM_NO_CONNECTION130003" time="0.000">
    <skipped/>
  </testcase> <!-- KNOWN_NEWS_ITEM_NO_CONNECTION130003 -->
  <testcase classname="Testng_UI" name="KNOWN_NEWS_ITEM_NO_CONNECTION130004" time="0.000">
    <skipped/>
  </testcase> <!-- KNOWN_NEWS_ITEM_NO_CONNECTION130004 -->
  <testcase classname="Testng_UI" name="KNOWN_NEWS_ITEM_NO_CONNECTION130005" time="0.000">
    <skipped/>
  </testcase> <!-- KNOWN_NEWS_ITEM_NO_CONNECTION130005 -->
  <testcase classname="Testng_UI" name="KNOWN_NEWS_ITEM_NO_CONNECTION_Negative130006" time="0.000">
    <skipped/>
  </testcase> <!-- KNOWN_NEWS_ITEM_NO_CONNECTION_Negative130006 -->
  <testcase classname="Testng_UI" name="KNOWN_NEWS_ITEM_NO_CONNECTION_Negative130007" time="0.000">
    <skipped/>
  </testcase> <!-- KNOWN_NEWS_ITEM_NO_CONNECTION_Negative130007 -->
  <testcase classname="Testng_UI" name="KNOWN_NEWS_ITEM_NO_CONNECTION_Negative130008" time="0.000">
    <skipped/>
  </testcase> <!-- KNOWN_NEWS_ITEM_NO_CONNECTION_Negative130008 -->
  <testcase classname="Testng_UI" name="KNOWN_NEWS_ITEM_NO_CONNECTION_Negative130009" time="0.000">
    <skipped/>
  </testcase> <!-- KNOWN_NEWS_ITEM_NO_CONNECTION_Negative130009 -->
  <testcase classname="Testng_UI" name="KNOWN_NEWS_ITEM_NO_CONNECTION_Negative130010" time="0.000">
    <skipped/>
  </testcase> <!-- KNOWN_NEWS_ITEM_NO_CONNECTION_Negative130010 -->
  <testcase classname="Testng_UI" name="KNOWN_NEWS_ITEM_NO_CONNECTION_Negative130011" time="0.000">
    <skipped/>
  </testcase> <!-- KNOWN_NEWS_ITEM_NO_CONNECTION_Negative130011 -->
  <testcase classname="Testng_UI" name="UNVERIFIED_ATTACHMENT_ORIGIN140001" time="0.000">
    <skipped/>
  </testcase> <!-- UNVERIFIED_ATTACHMENT_ORIGIN140001 -->
  <testcase classname="Testng_UI" name="UNVERIFIED_ATTACHMENT_ORIGIN140002" time="0.000">
    <skipped/>
  </testcase> <!-- UNVERIFIED_ATTACHMENT_ORIGIN140002 -->
  <testcase classname="Testng_UI" name="UNVERIFIED_ATTACHMENT_ORIGIN140003" time="0.000">
    <skipped/>
  </testcase> <!-- UNVERIFIED_ATTACHMENT_ORIGIN140003 -->
  <testcase classname="Testng_UI" name="UNVERIFIED_ATTACHMENT_ORIGIN140004" time="0.000">
    <skipped/>
  </testcase> <!-- UNVERIFIED_ATTACHMENT_ORIGIN140004 -->
  <testcase classname="Testng_UI" name="UNVERIFIED_ATTACHMENT_ORIGIN140005" time="0.000">
    <skipped/>
  </testcase> <!-- UNVERIFIED_ATTACHMENT_ORIGIN140005 -->
  <testcase classname="Testng_UI" name="UNVERIFIED_ATTACHMENT_ORIGIN_Negative140006" time="0.000">
    <skipped/>
  </testcase> <!-- UNVERIFIED_ATTACHMENT_ORIGIN_Negative140006 -->
  <testcase classname="Testng_UI" name="UNVERIFIED_ATTACHMENT_ORIGIN_Negative140007" time="0.000">
    <skipped/>
  </testcase> <!-- UNVERIFIED_ATTACHMENT_ORIGIN_Negative140007 -->
  <testcase classname="Testng_UI" name="UNVERIFIED_ATTACHMENT_ORIGIN_Negative140008" time="0.000">
    <skipped/>
  </testcase> <!-- UNVERIFIED_ATTACHMENT_ORIGIN_Negative140008 -->
  <testcase classname="Testng_UI" name="UNVERIFIED_ATTACHMENT_ORIGIN_Negative140009" time="0.000">
    <skipped/>
  </testcase> <!-- UNVERIFIED_ATTACHMENT_ORIGIN_Negative140009 -->
  <testcase classname="Testng_UI" name="UNVERIFIED_ATTACHMENT_ORIGIN_Negative140010" time="0.000">
    <skipped/>
  </testcase> <!-- UNVERIFIED_ATTACHMENT_ORIGIN_Negative140010 -->
  <testcase classname="Testng_UI" name="UNVERIFIED_ATTACHMENT_ORIGIN_Negative140011" time="0.000">
    <skipped/>
  </testcase> <!-- UNVERIFIED_ATTACHMENT_ORIGIN_Negative140011 -->
  <testcase classname="Testng_UI" name="UNKNOWN_NEWS_ITEM_KNOWN_MENTIONED_PUBLISHER150001" time="0.000">
    <skipped/>
  </testcase> <!-- UNKNOWN_NEWS_ITEM_KNOWN_MENTIONED_PUBLISHER150001 -->
  <testcase classname="Testng_UI" name="UNKNOWN_NEWS_ITEM_KNOWN_MENTIONED_PUBLISHER150002" time="0.000">
    <skipped/>
  </testcase> <!-- UNKNOWN_NEWS_ITEM_KNOWN_MENTIONED_PUBLISHER150002 -->
  <testcase classname="Testng_UI" name="UNKNOWN_NEWS_ITEM_KNOWN_MENTIONED_PUBLISHER150003" time="0.000">
    <skipped/>
  </testcase> <!-- UNKNOWN_NEWS_ITEM_KNOWN_MENTIONED_PUBLISHER150003 -->
  <testcase classname="Testng_UI" name="UNKNOWN_NEWS_ITEM_KNOWN_MENTIONED_PUBLISHER150004" time="0.000">
    <skipped/>
  </testcase> <!-- UNKNOWN_NEWS_ITEM_KNOWN_MENTIONED_PUBLISHER150004 -->
  <testcase classname="Testng_UI" name="UNKNOWN_NEWS_ITEM_KNOWN_MENTIONED_PUBLISHER150005" time="0.000">
    <skipped/>
  </testcase> <!-- UNKNOWN_NEWS_ITEM_KNOWN_MENTIONED_PUBLISHER150005 -->
  <testcase classname="Testng_UI" name="UNKNOWN_NEWS_ITEM_KNOWN_MENTIONED_PUBLISHER_Negative150006" time="0.000">
    <skipped/>
  </testcase> <!-- UNKNOWN_NEWS_ITEM_KNOWN_MENTIONED_PUBLISHER_Negative150006 -->
  <testcase classname="Testng_UI" name="UNKNOWN_NEWS_ITEM_KNOWN_MENTIONED_PUBLISHER_Negative150007" time="0.000">
    <skipped/>
  </testcase> <!-- UNKNOWN_NEWS_ITEM_KNOWN_MENTIONED_PUBLISHER_Negative150007 -->
  <testcase classname="Testng_UI" name="UNKNOWN_NEWS_ITEM_KNOWN_MENTIONED_PUBLISHER_Negative150008" time="0.000">
    <skipped/>
  </testcase> <!-- UNKNOWN_NEWS_ITEM_KNOWN_MENTIONED_PUBLISHER_Negative150008 -->
  <testcase classname="Testng_UI" name="UNKNOWN_NEWS_ITEM_KNOWN_MENTIONED_PUBLISHER_Negative150009" time="0.000">
    <skipped/>
  </testcase> <!-- UNKNOWN_NEWS_ITEM_KNOWN_MENTIONED_PUBLISHER_Negative150009 -->
  <testcase classname="Testng_UI" name="UNKNOWN_NEWS_ITEM_KNOWN_MENTIONED_PUBLISHER_Negative150010" time="0.000">
    <skipped/>
  </testcase> <!-- UNKNOWN_NEWS_ITEM_KNOWN_MENTIONED_PUBLISHER_Negative150010 -->
  <testcase classname="Testng_UI" name="UNKNOWN_NEWS_ITEM_KNOWN_MENTIONED_PUBLISHER_Negative150011" time="0.000">
    <skipped/>
  </testcase> <!-- UNKNOWN_NEWS_ITEM_KNOWN_MENTIONED_PUBLISHER_Negative150011 -->
  <testcase classname="Testng_UI" name="UNKNOWN_NEWS_ITEM_NO_PUBLISHER_MENTIONED160001" time="0.000">
    <skipped/>
  </testcase> <!-- UNKNOWN_NEWS_ITEM_NO_PUBLISHER_MENTIONED160001 -->
  <testcase classname="Testng_UI" name="UNKNOWN_NEWS_ITEM_NO_PUBLISHER_MENTIONED160002" time="0.000">
    <skipped/>
  </testcase> <!-- UNKNOWN_NEWS_ITEM_NO_PUBLISHER_MENTIONED160002 -->
  <testcase classname="Testng_UI" name="UNKNOWN_NEWS_ITEM_NO_PUBLISHER_MENTIONED160003" time="0.000">
    <skipped/>
  </testcase> <!-- UNKNOWN_NEWS_ITEM_NO_PUBLISHER_MENTIONED160003 -->
  <testcase classname="Testng_UI" name="UNKNOWN_NEWS_ITEM_NO_PUBLISHER_MENTIONED160004" time="0.000">
    <skipped/>
  </testcase> <!-- UNKNOWN_NEWS_ITEM_NO_PUBLISHER_MENTIONED160004 -->
  <testcase classname="Testng_UI" name="UNKNOWN_NEWS_ITEM_NO_PUBLISHER_MENTIONED160005" time="0.000">
    <skipped/>
  </testcase> <!-- UNKNOWN_NEWS_ITEM_NO_PUBLISHER_MENTIONED160005 -->
  <testcase classname="Testng_UI" name="UNKNOWN_NEWS_ITEM_NO_PUBLISHER_MENTIONED_Negative160006" time="0.000">
    <skipped/>
  </testcase> <!-- UNKNOWN_NEWS_ITEM_NO_PUBLISHER_MENTIONED_Negative160006 -->
  <testcase classname="Testng_UI" name="UNKNOWN_NEWS_ITEM_NO_PUBLISHER_MENTIONED_Negative160007" time="0.000">
    <skipped/>
  </testcase> <!-- UNKNOWN_NEWS_ITEM_NO_PUBLISHER_MENTIONED_Negative160007 -->
  <testcase classname="Testng_UI" name="UNKNOWN_NEWS_ITEM_NO_PUBLISHER_MENTIONED_Negative160008" time="0.000">
    <skipped/>
  </testcase> <!-- UNKNOWN_NEWS_ITEM_NO_PUBLISHER_MENTIONED_Negative160008 -->
  <testcase classname="Testng_UI" name="UNKNOWN_NEWS_ITEM_NO_PUBLISHER_MENTIONED_Negative160009" time="0.000">
    <skipped/>
  </testcase> <!-- UNKNOWN_NEWS_ITEM_NO_PUBLISHER_MENTIONED_Negative160009 -->
  <testcase classname="Testng_UI" name="UNKNOWN_NEWS_ITEM_NO_PUBLISHER_MENTIONED_Negative160010" time="0.000">
    <skipped/>
  </testcase> <!-- UNKNOWN_NEWS_ITEM_NO_PUBLISHER_MENTIONED_Negative160010 -->
  <testcase classname="Testng_UI" name="UNKNOWN_NEWS_ITEM_NO_PUBLISHER_MENTIONED_Negative160011" time="0.000">
    <skipped/>
  </testcase> <!-- UNKNOWN_NEWS_ITEM_NO_PUBLISHER_MENTIONED_Negative160011 -->
  <testcase classname="Testng_UI" name="KNOWN_MATCHED_PUBLISHER_DOMAIN170001" time="0.000">
    <skipped/>
  </testcase> <!-- KNOWN_MATCHED_PUBLISHER_DOMAIN170001 -->
  <testcase classname="Testng_UI" name="KNOWN_MATCHED_PUBLISHER_DOMAIN170002" time="0.000">
    <skipped/>
  </testcase> <!-- KNOWN_MATCHED_PUBLISHER_DOMAIN170002 -->
  <testcase classname="Testng_UI" name="KNOWN_MATCHED_PUBLISHER_DOMAIN170003" time="0.000">
    <skipped/>
  </testcase> <!-- KNOWN_MATCHED_PUBLISHER_DOMAIN170003 -->
  <testcase classname="Testng_UI" name="KNOWN_MATCHED_PUBLISHER_DOMAIN170004" time="0.000">
    <skipped/>
  </testcase> <!-- KNOWN_MATCHED_PUBLISHER_DOMAIN170004 -->
  <testcase classname="Testng_UI" name="KNOWN_MATCHED_PUBLISHER_DOMAIN170005" time="0.000">
    <skipped/>
  </testcase> <!-- KNOWN_MATCHED_PUBLISHER_DOMAIN170005 -->
  <testcase classname="Testng_UI" name="KNOWN_MATCHED_PUBLISHER_DOMAIN1_Negative170006" time="0.000">
    <skipped/>
  </testcase> <!-- KNOWN_MATCHED_PUBLISHER_DOMAIN1_Negative170006 -->
  <testcase classname="Testng_UI" name="KNOWN_MATCHED_PUBLISHER_DOMAIN1_Negative170007" time="0.000">
    <skipped/>
  </testcase> <!-- KNOWN_MATCHED_PUBLISHER_DOMAIN1_Negative170007 -->
  <testcase classname="Testng_UI" name="KNOWN_MATCHED_PUBLISHER_DOMAIN1_Negative170008" time="0.000">
    <skipped/>
  </testcase> <!-- KNOWN_MATCHED_PUBLISHER_DOMAIN1_Negative170008 -->
  <testcase classname="Testng_UI" name="KNOWN_MATCHED_PUBLISHER_DOMAIN1_Negative170009" time="0.000">
    <skipped/>
  </testcase> <!-- KNOWN_MATCHED_PUBLISHER_DOMAIN1_Negative170009 -->
  <testcase classname="Testng_UI" name="KNOWN_MATCHED_PUBLISHER_DOMAIN1_Negative170010" time="0.000">
    <skipped/>
  </testcase> <!-- KNOWN_MATCHED_PUBLISHER_DOMAIN1_Negative170010 -->
  <testcase classname="Testng_UI" name="KNOWN_MATCHED_PUBLISHER_DOMAIN1_Negative170011" time="0.000">
    <skipped/>
  </testcase> <!-- KNOWN_MATCHED_PUBLISHER_DOMAIN1_Negative170011 -->
  <testcase classname="Testng_UI" name="KNOWN_PUBLISHER_DOMAIN_DIFFERENT_REFERENCED_PUBLISHER180001" time="0.000">
    <skipped/>
  </testcase> <!-- KNOWN_PUBLISHER_DOMAIN_DIFFERENT_REFERENCED_PUBLISHER180001 -->
  <testcase classname="Testng_UI" name="KNOWN_PUBLISHER_DOMAIN_DIFFERENT_REFERENCED_PUBLISHER180002" time="0.000">
    <skipped/>
  </testcase> <!-- KNOWN_PUBLISHER_DOMAIN_DIFFERENT_REFERENCED_PUBLISHER180002 -->
  <testcase classname="Testng_UI" name="KNOWN_PUBLISHER_DOMAIN_DIFFERENT_REFERENCED_PUBLISHER180003" time="0.000">
    <skipped/>
  </testcase> <!-- KNOWN_PUBLISHER_DOMAIN_DIFFERENT_REFERENCED_PUBLISHER180003 -->
  <testcase classname="Testng_UI" name="KNOWN_PUBLISHER_DOMAIN_DIFFERENT_REFERENCED_PUBLISHER180004" time="0.000">
    <skipped/>
  </testcase> <!-- KNOWN_PUBLISHER_DOMAIN_DIFFERENT_REFERENCED_PUBLISHER180004 -->
  <testcase classname="Testng_UI" name="KNOWN_PUBLISHER_DOMAIN_DIFFERENT_REFERENCED_PUBLISHER180005" time="0.000">
    <skipped/>
  </testcase> <!-- KNOWN_PUBLISHER_DOMAIN_DIFFERENT_REFERENCED_PUBLISHER180005 -->
  <testcase classname="Testng_UI" name="KNOWN_PUBLISHER_DOMAIN_DIFFERENT_REFERENCED_PUBLISHER_Negative180006" time="0.000">
    <skipped/>
  </testcase> <!-- KNOWN_PUBLISHER_DOMAIN_DIFFERENT_REFERENCED_PUBLISHER_Negative180006 -->
  <testcase classname="Testng_UI" name="KNOWN_PUBLISHER_DOMAIN_DIFFERENT_REFERENCED_PUBLISHER_Negative180007" time="0.000">
    <skipped/>
  </testcase> <!-- KNOWN_PUBLISHER_DOMAIN_DIFFERENT_REFERENCED_PUBLISHER_Negative180007 -->
  <testcase classname="Testng_UI" name="KNOWN_PUBLISHER_DOMAIN_DIFFERENT_REFERENCED_PUBLISHER_Negative180008" time="0.000">
    <skipped/>
  </testcase> <!-- KNOWN_PUBLISHER_DOMAIN_DIFFERENT_REFERENCED_PUBLISHER_Negative180008 -->
  <testcase classname="Testng_UI" name="KNOWN_PUBLISHER_DOMAIN_DIFFERENT_REFERENCED_PUBLISHER_Negative180009" time="0.000">
    <skipped/>
  </testcase> <!-- KNOWN_PUBLISHER_DOMAIN_DIFFERENT_REFERENCED_PUBLISHER_Negative180009 -->
  <testcase classname="Testng_UI" name="KNOWN_PUBLISHER_DOMAIN_DIFFERENT_REFERENCED_PUBLISHER_Negative180010" time="0.000">
    <skipped/>
  </testcase> <!-- KNOWN_PUBLISHER_DOMAIN_DIFFERENT_REFERENCED_PUBLISHER_Negative180010 -->
  <testcase classname="Testng_UI" name="KNOWN_PUBLISHER_DOMAIN_DIFFERENT_REFERENCED_PUBLISHER_Negative180011" time="0.000">
    <skipped/>
  </testcase> <!-- KNOWN_PUBLISHER_DOMAIN_DIFFERENT_REFERENCED_PUBLISHER_Negative180011 -->
  <testcase classname="Testng_UI" name="KNOWN_PUBLISHER_DOMAIN_WITH_MENTIONED_PUBLISHER190001" time="0.000">
    <skipped/>
  </testcase> <!-- KNOWN_PUBLISHER_DOMAIN_WITH_MENTIONED_PUBLISHER190001 -->
  <testcase classname="Testng_UI" name="KNOWN_PUBLISHER_DOMAIN_WITH_MENTIONED_PUBLISHER190002" time="0.000">
    <skipped/>
  </testcase> <!-- KNOWN_PUBLISHER_DOMAIN_WITH_MENTIONED_PUBLISHER190002 -->
  <testcase classname="Testng_UI" name="KNOWN_PUBLISHER_DOMAIN_WITH_MENTIONED_PUBLISHER190003" time="0.000">
    <skipped/>
  </testcase> <!-- KNOWN_PUBLISHER_DOMAIN_WITH_MENTIONED_PUBLISHER190003 -->
  <testcase classname="Testng_UI" name="KNOWN_PUBLISHER_DOMAIN_WITH_MENTIONED_PUBLISHER190004" time="0.000">
    <skipped/>
  </testcase> <!-- KNOWN_PUBLISHER_DOMAIN_WITH_MENTIONED_PUBLISHER190004 -->
  <testcase classname="Testng_UI" name="KNOWN_PUBLISHER_DOMAIN_WITH_MENTIONED_PUBLISHER190005" time="0.000">
    <skipped/>
  </testcase> <!-- KNOWN_PUBLISHER_DOMAIN_WITH_MENTIONED_PUBLISHER190005 -->
  <testcase classname="Testng_UI" name="KNOWN_PUBLISHER_DOMAIN_WITH_MENTIONED_PUBLISHER_Negative190006" time="0.000">
    <skipped/>
  </testcase> <!-- KNOWN_PUBLISHER_DOMAIN_WITH_MENTIONED_PUBLISHER_Negative190006 -->
  <testcase classname="Testng_UI" name="KNOWN_PUBLISHER_DOMAIN_WITH_MENTIONED_PUBLISHER_Negative190007" time="0.000">
    <skipped/>
  </testcase> <!-- KNOWN_PUBLISHER_DOMAIN_WITH_MENTIONED_PUBLISHER_Negative190007 -->
  <testcase classname="Testng_UI" name="KNOWN_PUBLISHER_DOMAIN_WITH_MENTIONED_PUBLISHER_Negative190008" time="0.000">
    <skipped/>
  </testcase> <!-- KNOWN_PUBLISHER_DOMAIN_WITH_MENTIONED_PUBLISHER_Negative190008 -->
  <testcase classname="Testng_UI" name="KNOWN_PUBLISHER_DOMAIN_WITH_MENTIONED_PUBLISHER_Negative190009" time="0.000">
    <skipped/>
  </testcase> <!-- KNOWN_PUBLISHER_DOMAIN_WITH_MENTIONED_PUBLISHER_Negative190009 -->
  <testcase classname="Testng_UI" name="KNOWN_PUBLISHER_DOMAIN_WITH_MENTIONED_PUBLISHER_Negative190010" time="0.000">
    <skipped/>
  </testcase> <!-- KNOWN_PUBLISHER_DOMAIN_WITH_MENTIONED_PUBLISHER_Negative190010 -->
  <testcase classname="Testng_UI" name="KNOWN_PUBLISHER_DOMAIN_WITH_MENTIONED_PUBLISHER_Negative190011" time="0.000">
    <skipped/>
  </testcase> <!-- KNOWN_PUBLISHER_DOMAIN_WITH_MENTIONED_PUBLISHER_Negative190011 -->
  <testcase classname="Testng_UI" name="KNOWN_PUBLISHER_DOMAIN_DIFFERENT_MENTIONED_PUBLISHER200001" time="0.000">
    <skipped/>
  </testcase> <!-- KNOWN_PUBLISHER_DOMAIN_DIFFERENT_MENTIONED_PUBLISHER200001 -->
</testsuite> <!-- Testng_UI -->
